<?xml version="1.0" encoding="UTF-8"?>
<!-- Generated by org.testng.reporters.JUnitReportReporter -->
<testsuite skipped="0" hostname="DESKTOP-0JTSKSQ" name="TestCases.TC_01" tests="1" failures="0" timestamp="24 Dec 2020 03:15:08 GMT" time="0.689" errors="0">
  <testcase name="LoginTest" time="0.689" classname="TestCases.TC_01"/>
</testsuite> <!-- TestCases.TC_01 -->
