<?xml version="1.0" encoding="UTF-8"?>
<!-- Generated by org.testng.reporters.JUnitReportReporter -->
<testsuite skipped="0" hostname="DESKTOP-0JTSKSQ" name="TestCases.BaseClass" tests="1" failures="0" timestamp="23 Dec 2020 17:36:31 GMT" time="20.161" errors="0">
  <testcase name="LaunchBrowser" time="20.161" classname="TestCases.BaseClass"/>
</testsuite> <!-- TestCases.BaseClass -->
